[Error  :   BepInEx] Unable to start Unity log writer
[Message:   BepInEx] BepInEx 5.4.23.3 - PEAK (4/10/2025 10:41:25 a. m.)
[Info   :   BepInEx] Running under Unity v6000.0.36.10478517
[Info   :   BepInEx] CLR runtime version: 4.0.30319.42000
[Info   :   BepInEx] Supports SRE: True
[Info   :   BepInEx] System platform: Bits64, Windows
[Message:   BepInEx] Preloader started
[Info   :   BepInEx] Loaded 1 patcher method from [BepInEx.Preloader 5.4.23.3]
[Info   :   BepInEx] 1 patcher plugin loaded
[Info   :   BepInEx] Patching [UnityEngine.CoreModule] with [BepInEx.Chainloader]
[Message:   BepInEx] Preloader finished
[Message:   BepInEx] Chainloader ready
[Message:   BepInEx] Chainloader started
[Info   :   BepInEx] 1 plugin to load
[Info   :   BepInEx] Loading [PEAKMod 1.0.0]
[Message:   BepInEx] Chainloader startup complete
[Info   :   PEAKMod] ¡VICTORIA! Se ha invocado un Tornado! Iniciando IA de persecución.
[Info   :   PEAKMod] Iniciando movimiento del tornado. Objetivo: Dark
[Info   :   PEAKMod] El tiempo del tornado ha expirado. Destruyendo...
[Info   :   PEAKMod] ¡VICTORIA! Se ha invocado un Tornado! Iniciando IA de persecución.
[Info   :   PEAKMod] Iniciando movimiento del tornado. Objetivo: Dark
[Info   :   PEAKMod] El tiempo del tornado ha expirado. Destruyendo...
